[2023-01-06 15:17:45,459] {taskinstance.py:1159} INFO - Dependencies all met for <TaskInstance: EL.Get_data manual__2023-01-06T15:17:43.182924+00:00 [queued]>
[2023-01-06 15:17:45,467] {taskinstance.py:1159} INFO - Dependencies all met for <TaskInstance: EL.Get_data manual__2023-01-06T15:17:43.182924+00:00 [queued]>
[2023-01-06 15:17:45,468] {taskinstance.py:1356} INFO - 
--------------------------------------------------------------------------------
[2023-01-06 15:17:45,468] {taskinstance.py:1357} INFO - Starting attempt 1 of 1
[2023-01-06 15:17:45,469] {taskinstance.py:1358} INFO - 
--------------------------------------------------------------------------------
[2023-01-06 15:17:45,484] {taskinstance.py:1377} INFO - Executing <Task(PythonOperator): Get_data> on 2023-01-06 15:17:43.182924+00:00
[2023-01-06 15:17:45,489] {standard_task_runner.py:52} INFO - Started process 593 to run task
[2023-01-06 15:17:45,492] {standard_task_runner.py:79} INFO - Running: ['airflow', 'tasks', 'run', 'EL', 'Get_data', 'manual__2023-01-06T15:17:43.182924+00:00', '--job-id', '14', '--raw', '--subdir', 'DAGS_FOLDER/test_dag.py', '--cfg-path', '/tmp/tmplh6or_pu', '--error-file', '/tmp/tmpmi3u7v4k']
[2023-01-06 15:17:45,492] {standard_task_runner.py:80} INFO - Job 14: Subtask Get_data
[2023-01-06 15:17:45,534] {task_command.py:369} INFO - Running <TaskInstance: EL.Get_data manual__2023-01-06T15:17:43.182924+00:00 [running]> on host dcfdc2efb79e
[2023-01-06 15:17:45,588] {taskinstance.py:1571} INFO - Exporting the following env vars:
AIRFLOW_CTX_DAG_OWNER=airflow
AIRFLOW_CTX_DAG_ID=EL
AIRFLOW_CTX_TASK_ID=Get_data
AIRFLOW_CTX_EXECUTION_DATE=2023-01-06T15:17:43.182924+00:00
AIRFLOW_CTX_TRY_NUMBER=1
AIRFLOW_CTX_DAG_RUN_ID=manual__2023-01-06T15:17:43.182924+00:00
[2023-01-06 15:17:45,589] {logging_mixin.py:115} INFO - 2023-01-06
[2023-01-06 15:17:45,808] {logging_mixin.py:115} INFO - 2023-01-05
[2023-01-06 15:17:46,026] {logging_mixin.py:115} INFO - 2023-01-04
[2023-01-06 15:17:46,249] {logging_mixin.py:115} INFO - 2023-01-03
[2023-01-06 15:17:46,466] {logging_mixin.py:115} INFO - 2023-01-02
[2023-01-06 15:17:46,878] {logging_mixin.py:115} INFO - 2023-01-01
[2023-01-06 15:17:47,082] {logging_mixin.py:115} INFO - 2022-12-31
[2023-01-06 15:17:47,339] {logging_mixin.py:115} INFO - 2022-12-30
[2023-01-06 15:17:47,578] {python.py:173} INFO - Done. Returned value was: None
[2023-01-06 15:17:47,590] {taskinstance.py:1400} INFO - Marking task as SUCCESS. dag_id=EL, task_id=Get_data, execution_date=20230106T151743, start_date=20230106T151745, end_date=20230106T151747
[2023-01-06 15:17:47,671] {local_task_job.py:156} INFO - Task exited with return code 0
[2023-01-06 15:17:47,701] {local_task_job.py:273} INFO - 1 downstream tasks scheduled from follow-on schedule check
