[2023-01-06 15:09:21,184] {taskinstance.py:1159} INFO - Dependencies all met for <TaskInstance: EL.Get_dates manual__2023-01-06T15:09:20.039327+00:00 [queued]>
[2023-01-06 15:09:21,193] {taskinstance.py:1159} INFO - Dependencies all met for <TaskInstance: EL.Get_dates manual__2023-01-06T15:09:20.039327+00:00 [queued]>
[2023-01-06 15:09:21,193] {taskinstance.py:1356} INFO - 
--------------------------------------------------------------------------------
[2023-01-06 15:09:21,194] {taskinstance.py:1357} INFO - Starting attempt 1 of 1
[2023-01-06 15:09:21,194] {taskinstance.py:1358} INFO - 
--------------------------------------------------------------------------------
[2023-01-06 15:09:21,207] {taskinstance.py:1377} INFO - Executing <Task(PythonOperator): Get_dates> on 2023-01-06 15:09:20.039327+00:00
[2023-01-06 15:09:21,213] {standard_task_runner.py:52} INFO - Started process 182 to run task
[2023-01-06 15:09:21,215] {standard_task_runner.py:79} INFO - Running: ['airflow', 'tasks', 'run', 'EL', 'Get_dates', 'manual__2023-01-06T15:09:20.039327+00:00', '--job-id', '3', '--raw', '--subdir', 'DAGS_FOLDER/test_dag.py', '--cfg-path', '/tmp/tmpa8npan7s', '--error-file', '/tmp/tmpkhexsjsp']
[2023-01-06 15:09:21,216] {standard_task_runner.py:80} INFO - Job 3: Subtask Get_dates
[2023-01-06 15:09:21,263] {task_command.py:369} INFO - Running <TaskInstance: EL.Get_dates manual__2023-01-06T15:09:20.039327+00:00 [running]> on host dcfdc2efb79e
[2023-01-06 15:09:21,330] {taskinstance.py:1571} INFO - Exporting the following env vars:
AIRFLOW_CTX_DAG_OWNER=airflow
AIRFLOW_CTX_DAG_ID=EL
AIRFLOW_CTX_TASK_ID=Get_dates
AIRFLOW_CTX_EXECUTION_DATE=2023-01-06T15:09:20.039327+00:00
AIRFLOW_CTX_TRY_NUMBER=1
AIRFLOW_CTX_DAG_RUN_ID=manual__2023-01-06T15:09:20.039327+00:00
[2023-01-06 15:09:21,331] {python.py:173} INFO - Done. Returned value was: ['2023-01-06', '2023-01-05', '2023-01-04', '2023-01-03', '2023-01-02', '2023-01-01', '2022-12-31', '2022-12-30']
[2023-01-06 15:09:21,357] {taskinstance.py:1400} INFO - Marking task as SUCCESS. dag_id=EL, task_id=Get_dates, execution_date=20230106T150920, start_date=20230106T150921, end_date=20230106T150921
[2023-01-06 15:09:21,389] {local_task_job.py:156} INFO - Task exited with return code 0
[2023-01-06 15:09:21,424] {local_task_job.py:273} INFO - 1 downstream tasks scheduled from follow-on schedule check
