[2023-01-06 15:18:21,502] {taskinstance.py:1159} INFO - Dependencies all met for <TaskInstance: EL.Get_dates manual__2023-01-06T15:18:20.803651+00:00 [queued]>
[2023-01-06 15:18:21,513] {taskinstance.py:1159} INFO - Dependencies all met for <TaskInstance: EL.Get_dates manual__2023-01-06T15:18:20.803651+00:00 [queued]>
[2023-01-06 15:18:21,513] {taskinstance.py:1356} INFO - 
--------------------------------------------------------------------------------
[2023-01-06 15:18:21,514] {taskinstance.py:1357} INFO - Starting attempt 1 of 1
[2023-01-06 15:18:21,514] {taskinstance.py:1358} INFO - 
--------------------------------------------------------------------------------
[2023-01-06 15:18:21,528] {taskinstance.py:1377} INFO - Executing <Task(PythonOperator): Get_dates> on 2023-01-06 15:18:20.803651+00:00
[2023-01-06 15:18:21,533] {standard_task_runner.py:52} INFO - Started process 624 to run task
[2023-01-06 15:18:21,536] {standard_task_runner.py:79} INFO - Running: ['airflow', 'tasks', 'run', 'EL', 'Get_dates', 'manual__2023-01-06T15:18:20.803651+00:00', '--job-id', '16', '--raw', '--subdir', 'DAGS_FOLDER/test_dag.py', '--cfg-path', '/tmp/tmp1ttw4cp8', '--error-file', '/tmp/tmp6gl12rm5']
[2023-01-06 15:18:21,536] {standard_task_runner.py:80} INFO - Job 16: Subtask Get_dates
[2023-01-06 15:18:21,582] {task_command.py:369} INFO - Running <TaskInstance: EL.Get_dates manual__2023-01-06T15:18:20.803651+00:00 [running]> on host dcfdc2efb79e
[2023-01-06 15:18:21,644] {taskinstance.py:1571} INFO - Exporting the following env vars:
AIRFLOW_CTX_DAG_OWNER=airflow
AIRFLOW_CTX_DAG_ID=EL
AIRFLOW_CTX_TASK_ID=Get_dates
AIRFLOW_CTX_EXECUTION_DATE=2023-01-06T15:18:20.803651+00:00
AIRFLOW_CTX_TRY_NUMBER=1
AIRFLOW_CTX_DAG_RUN_ID=manual__2023-01-06T15:18:20.803651+00:00
[2023-01-06 15:18:21,645] {logging_mixin.py:115} INFO - ['2023-01-06', '2023-01-05', '2023-01-04', '2023-01-03', '2023-01-02', '2023-01-01', '2022-12-31', '2022-12-30']
[2023-01-06 15:18:21,646] {python.py:173} INFO - Done. Returned value was: ['2023-01-06', '2023-01-05', '2023-01-04', '2023-01-03', '2023-01-02', '2023-01-01', '2022-12-31', '2022-12-30']
[2023-01-06 15:18:21,670] {taskinstance.py:1400} INFO - Marking task as SUCCESS. dag_id=EL, task_id=Get_dates, execution_date=20230106T151820, start_date=20230106T151821, end_date=20230106T151821
[2023-01-06 15:18:21,708] {local_task_job.py:156} INFO - Task exited with return code 0
[2023-01-06 15:18:21,748] {local_task_job.py:273} INFO - 1 downstream tasks scheduled from follow-on schedule check
