[2023-01-06 15:13:16,540] {taskinstance.py:1159} INFO - Dependencies all met for <TaskInstance: EL.Get_dates manual__2023-01-06T15:13:15.776290+00:00 [queued]>
[2023-01-06 15:13:16,555] {taskinstance.py:1159} INFO - Dependencies all met for <TaskInstance: EL.Get_dates manual__2023-01-06T15:13:15.776290+00:00 [queued]>
[2023-01-06 15:13:16,555] {taskinstance.py:1356} INFO - 
--------------------------------------------------------------------------------
[2023-01-06 15:13:16,556] {taskinstance.py:1357} INFO - Starting attempt 1 of 1
[2023-01-06 15:13:16,556] {taskinstance.py:1358} INFO - 
--------------------------------------------------------------------------------
[2023-01-06 15:13:16,586] {taskinstance.py:1377} INFO - Executing <Task(PythonOperator): Get_dates> on 2023-01-06 15:13:15.776290+00:00
[2023-01-06 15:13:16,592] {standard_task_runner.py:52} INFO - Started process 359 to run task
[2023-01-06 15:13:16,595] {standard_task_runner.py:79} INFO - Running: ['airflow', 'tasks', 'run', 'EL', 'Get_dates', 'manual__2023-01-06T15:13:15.776290+00:00', '--job-id', '5', '--raw', '--subdir', 'DAGS_FOLDER/test_dag.py', '--cfg-path', '/tmp/tmpc39yjkqp', '--error-file', '/tmp/tmpny8dbz2c']
[2023-01-06 15:13:16,596] {standard_task_runner.py:80} INFO - Job 5: Subtask Get_dates
[2023-01-06 15:13:16,666] {task_command.py:369} INFO - Running <TaskInstance: EL.Get_dates manual__2023-01-06T15:13:15.776290+00:00 [running]> on host dcfdc2efb79e
[2023-01-06 15:13:16,747] {taskinstance.py:1571} INFO - Exporting the following env vars:
AIRFLOW_CTX_DAG_OWNER=airflow
AIRFLOW_CTX_DAG_ID=EL
AIRFLOW_CTX_TASK_ID=Get_dates
AIRFLOW_CTX_EXECUTION_DATE=2023-01-06T15:13:15.776290+00:00
AIRFLOW_CTX_TRY_NUMBER=1
AIRFLOW_CTX_DAG_RUN_ID=manual__2023-01-06T15:13:15.776290+00:00
[2023-01-06 15:13:16,749] {python.py:173} INFO - Done. Returned value was: ['2023-01-06', '2023-01-05', '2023-01-04', '2023-01-03', '2023-01-02', '2023-01-01', '2022-12-31', '2022-12-30']
[2023-01-06 15:13:16,782] {taskinstance.py:1400} INFO - Marking task as SUCCESS. dag_id=EL, task_id=Get_dates, execution_date=20230106T151315, start_date=20230106T151316, end_date=20230106T151316
[2023-01-06 15:13:16,811] {local_task_job.py:156} INFO - Task exited with return code 0
[2023-01-06 15:13:16,854] {local_task_job.py:273} INFO - 1 downstream tasks scheduled from follow-on schedule check
