[2023-01-06 15:15:44,711] {taskinstance.py:1159} INFO - Dependencies all met for <TaskInstance: EL.Get_dates manual__2023-01-06T15:15:44.071533+00:00 [queued]>
[2023-01-06 15:15:44,722] {taskinstance.py:1159} INFO - Dependencies all met for <TaskInstance: EL.Get_dates manual__2023-01-06T15:15:44.071533+00:00 [queued]>
[2023-01-06 15:15:44,723] {taskinstance.py:1356} INFO - 
--------------------------------------------------------------------------------
[2023-01-06 15:15:44,723] {taskinstance.py:1357} INFO - Starting attempt 1 of 1
[2023-01-06 15:15:44,724] {taskinstance.py:1358} INFO - 
--------------------------------------------------------------------------------
[2023-01-06 15:15:44,741] {taskinstance.py:1377} INFO - Executing <Task(PythonOperator): Get_dates> on 2023-01-06 15:15:44.071533+00:00
[2023-01-06 15:15:44,748] {standard_task_runner.py:52} INFO - Started process 484 to run task
[2023-01-06 15:15:44,751] {standard_task_runner.py:79} INFO - Running: ['airflow', 'tasks', 'run', 'EL', 'Get_dates', 'manual__2023-01-06T15:15:44.071533+00:00', '--job-id', '9', '--raw', '--subdir', 'DAGS_FOLDER/test_dag.py', '--cfg-path', '/tmp/tmp2aosatj0', '--error-file', '/tmp/tmpkih2ffe3']
[2023-01-06 15:15:44,751] {standard_task_runner.py:80} INFO - Job 9: Subtask Get_dates
[2023-01-06 15:15:44,808] {task_command.py:369} INFO - Running <TaskInstance: EL.Get_dates manual__2023-01-06T15:15:44.071533+00:00 [running]> on host dcfdc2efb79e
[2023-01-06 15:15:44,882] {taskinstance.py:1571} INFO - Exporting the following env vars:
AIRFLOW_CTX_DAG_OWNER=airflow
AIRFLOW_CTX_DAG_ID=EL
AIRFLOW_CTX_TASK_ID=Get_dates
AIRFLOW_CTX_EXECUTION_DATE=2023-01-06T15:15:44.071533+00:00
AIRFLOW_CTX_TRY_NUMBER=1
AIRFLOW_CTX_DAG_RUN_ID=manual__2023-01-06T15:15:44.071533+00:00
[2023-01-06 15:15:44,884] {logging_mixin.py:115} INFO - ['2023-01-06', '2023-01-05', '2023-01-04', '2023-01-03', '2023-01-02', '2023-01-01', '2022-12-31', '2022-12-30']
[2023-01-06 15:15:44,884] {python.py:173} INFO - Done. Returned value was: ['2023-01-06', '2023-01-05', '2023-01-04', '2023-01-03', '2023-01-02', '2023-01-01', '2022-12-31', '2022-12-30']
[2023-01-06 15:15:44,909] {taskinstance.py:1400} INFO - Marking task as SUCCESS. dag_id=EL, task_id=Get_dates, execution_date=20230106T151544, start_date=20230106T151544, end_date=20230106T151544
[2023-01-06 15:15:44,963] {local_task_job.py:156} INFO - Task exited with return code 0
[2023-01-06 15:15:45,001] {local_task_job.py:273} INFO - 1 downstream tasks scheduled from follow-on schedule check
