[2023-01-05 22:42:25,706] {taskinstance.py:1159} INFO - Dependencies all met for <TaskInstance: example_bash_operator.this_will_skip scheduled__2023-01-04T00:00:00+00:00 [queued]>
[2023-01-05 22:42:25,716] {taskinstance.py:1159} INFO - Dependencies all met for <TaskInstance: example_bash_operator.this_will_skip scheduled__2023-01-04T00:00:00+00:00 [queued]>
[2023-01-05 22:42:25,717] {taskinstance.py:1356} INFO - 
--------------------------------------------------------------------------------
[2023-01-05 22:42:25,717] {taskinstance.py:1357} INFO - Starting attempt 1 of 1
[2023-01-05 22:42:25,718] {taskinstance.py:1358} INFO - 
--------------------------------------------------------------------------------
[2023-01-05 22:42:25,739] {taskinstance.py:1377} INFO - Executing <Task(BashOperator): this_will_skip> on 2023-01-04 00:00:00+00:00
[2023-01-05 22:42:25,747] {standard_task_runner.py:52} INFO - Started process 105 to run task
[2023-01-05 22:42:25,751] {standard_task_runner.py:79} INFO - Running: ['airflow', 'tasks', 'run', 'example_bash_operator', 'this_will_skip', 'scheduled__2023-01-04T00:00:00+00:00', '--job-id', '4', '--raw', '--subdir', '/home/airflow/.local/lib/python3.7/site-packages/airflow/example_dags/example_bash_operator.py', '--cfg-path', '/tmp/tmp_29zqfhq', '--error-file', '/tmp/tmpf8gbobwu']
[2023-01-05 22:42:25,752] {standard_task_runner.py:80} INFO - Job 4: Subtask this_will_skip
[2023-01-05 22:42:25,830] {task_command.py:369} INFO - Running <TaskInstance: example_bash_operator.this_will_skip scheduled__2023-01-04T00:00:00+00:00 [running]> on host ed49a33ccd4c
[2023-01-05 22:42:25,916] {taskinstance.py:1571} INFO - Exporting the following env vars:
AIRFLOW_CTX_DAG_OWNER=airflow
AIRFLOW_CTX_DAG_ID=example_bash_operator
AIRFLOW_CTX_TASK_ID=this_will_skip
AIRFLOW_CTX_EXECUTION_DATE=2023-01-04T00:00:00+00:00
AIRFLOW_CTX_TRY_NUMBER=1
AIRFLOW_CTX_DAG_RUN_ID=scheduled__2023-01-04T00:00:00+00:00
[2023-01-05 22:42:25,918] {subprocess.py:62} INFO - Tmp dir root location: 
 /tmp
[2023-01-05 22:42:25,921] {subprocess.py:74} INFO - Running command: ['bash', '-c', 'echo "hello world"; exit 99;']
[2023-01-05 22:42:25,937] {subprocess.py:85} INFO - Output:
[2023-01-05 22:42:25,939] {subprocess.py:92} INFO - hello world
[2023-01-05 22:42:25,940] {subprocess.py:96} INFO - Command exited with return code 99
[2023-01-05 22:42:25,941] {taskinstance.py:1478} INFO - Bash command returned exit code 99. Skipping.
[2023-01-05 22:42:25,967] {taskinstance.py:1400} INFO - Marking task as SKIPPED. dag_id=example_bash_operator, task_id=this_will_skip, execution_date=20230104T000000, start_date=20230105T224225, end_date=20230105T224225
[2023-01-05 22:42:26,007] {local_task_job.py:156} INFO - Task exited with return code 0
[2023-01-05 22:42:26,055] {local_task_job.py:273} INFO - 0 downstream tasks scheduled from follow-on schedule check
