[2023-01-06 15:18:22,553] {taskinstance.py:1159} INFO - Dependencies all met for <TaskInstance: EL.Get_data manual__2023-01-06T15:18:20.803651+00:00 [queued]>
[2023-01-06 15:18:22,566] {taskinstance.py:1159} INFO - Dependencies all met for <TaskInstance: EL.Get_data manual__2023-01-06T15:18:20.803651+00:00 [queued]>
[2023-01-06 15:18:22,567] {taskinstance.py:1356} INFO - 
--------------------------------------------------------------------------------
[2023-01-06 15:18:22,567] {taskinstance.py:1357} INFO - Starting attempt 1 of 1
[2023-01-06 15:18:22,568] {taskinstance.py:1358} INFO - 
--------------------------------------------------------------------------------
[2023-01-06 15:18:22,583] {taskinstance.py:1377} INFO - Executing <Task(PythonOperator): Get_data> on 2023-01-06 15:18:20.803651+00:00
[2023-01-06 15:18:22,588] {standard_task_runner.py:52} INFO - Started process 626 to run task
[2023-01-06 15:18:22,591] {standard_task_runner.py:79} INFO - Running: ['airflow', 'tasks', 'run', 'EL', 'Get_data', 'manual__2023-01-06T15:18:20.803651+00:00', '--job-id', '17', '--raw', '--subdir', 'DAGS_FOLDER/test_dag.py', '--cfg-path', '/tmp/tmpasszt4pn', '--error-file', '/tmp/tmpt_rvqovi']
[2023-01-06 15:18:22,592] {standard_task_runner.py:80} INFO - Job 17: Subtask Get_data
[2023-01-06 15:18:22,650] {task_command.py:369} INFO - Running <TaskInstance: EL.Get_data manual__2023-01-06T15:18:20.803651+00:00 [running]> on host dcfdc2efb79e
[2023-01-06 15:18:22,725] {taskinstance.py:1571} INFO - Exporting the following env vars:
AIRFLOW_CTX_DAG_OWNER=airflow
AIRFLOW_CTX_DAG_ID=EL
AIRFLOW_CTX_TASK_ID=Get_data
AIRFLOW_CTX_EXECUTION_DATE=2023-01-06T15:18:20.803651+00:00
AIRFLOW_CTX_TRY_NUMBER=1
AIRFLOW_CTX_DAG_RUN_ID=manual__2023-01-06T15:18:20.803651+00:00
[2023-01-06 15:18:22,726] {logging_mixin.py:115} INFO - 2023-01-06
[2023-01-06 15:18:23,230] {logging_mixin.py:115} INFO - 2023-01-05
[2023-01-06 15:18:23,476] {logging_mixin.py:115} INFO - 2023-01-04
[2023-01-06 15:18:23,706] {logging_mixin.py:115} INFO - 2023-01-03
[2023-01-06 15:18:23,928] {logging_mixin.py:115} INFO - 2023-01-02
[2023-01-06 15:18:24,199] {logging_mixin.py:115} INFO - 2023-01-01
[2023-01-06 15:18:24,426] {logging_mixin.py:115} INFO - 2022-12-31
[2023-01-06 15:18:24,641] {logging_mixin.py:115} INFO - 2022-12-30
[2023-01-06 15:18:24,933] {python.py:173} INFO - Done. Returned value was: None
[2023-01-06 15:18:24,962] {taskinstance.py:1400} INFO - Marking task as SUCCESS. dag_id=EL, task_id=Get_data, execution_date=20230106T151820, start_date=20230106T151822, end_date=20230106T151824
[2023-01-06 15:18:25,012] {local_task_job.py:156} INFO - Task exited with return code 0
[2023-01-06 15:18:25,043] {local_task_job.py:273} INFO - 1 downstream tasks scheduled from follow-on schedule check
