[2023-01-05 22:42:25,828] {taskinstance.py:1159} INFO - Dependencies all met for <TaskInstance: example_bash_operator.runme_1 scheduled__2023-01-04T00:00:00+00:00 [queued]>
[2023-01-05 22:42:25,838] {taskinstance.py:1159} INFO - Dependencies all met for <TaskInstance: example_bash_operator.runme_1 scheduled__2023-01-04T00:00:00+00:00 [queued]>
[2023-01-05 22:42:25,839] {taskinstance.py:1356} INFO - 
--------------------------------------------------------------------------------
[2023-01-05 22:42:25,839] {taskinstance.py:1357} INFO - Starting attempt 1 of 1
[2023-01-05 22:42:25,840] {taskinstance.py:1358} INFO - 
--------------------------------------------------------------------------------
[2023-01-05 22:42:25,856] {taskinstance.py:1377} INFO - Executing <Task(BashOperator): runme_1> on 2023-01-04 00:00:00+00:00
[2023-01-05 22:42:25,862] {standard_task_runner.py:52} INFO - Started process 108 to run task
[2023-01-05 22:42:25,873] {standard_task_runner.py:79} INFO - Running: ['airflow', 'tasks', 'run', 'example_bash_operator', 'runme_1', 'scheduled__2023-01-04T00:00:00+00:00', '--job-id', '5', '--raw', '--subdir', '/home/airflow/.local/lib/python3.7/site-packages/airflow/example_dags/example_bash_operator.py', '--cfg-path', '/tmp/tmpcsf7oljr', '--error-file', '/tmp/tmpcnfmitoc']
[2023-01-05 22:42:25,874] {standard_task_runner.py:80} INFO - Job 5: Subtask runme_1
[2023-01-05 22:42:25,966] {task_command.py:369} INFO - Running <TaskInstance: example_bash_operator.runme_1 scheduled__2023-01-04T00:00:00+00:00 [running]> on host ed49a33ccd4c
[2023-01-05 22:42:26,062] {taskinstance.py:1571} INFO - Exporting the following env vars:
AIRFLOW_CTX_DAG_OWNER=airflow
AIRFLOW_CTX_DAG_ID=example_bash_operator
AIRFLOW_CTX_TASK_ID=runme_1
AIRFLOW_CTX_EXECUTION_DATE=2023-01-04T00:00:00+00:00
AIRFLOW_CTX_TRY_NUMBER=1
AIRFLOW_CTX_DAG_RUN_ID=scheduled__2023-01-04T00:00:00+00:00
[2023-01-05 22:42:26,063] {subprocess.py:62} INFO - Tmp dir root location: 
 /tmp
[2023-01-05 22:42:26,065] {subprocess.py:74} INFO - Running command: ['bash', '-c', 'echo "example_bash_operator__runme_1__20230104" && sleep 1']
[2023-01-05 22:42:26,078] {subprocess.py:85} INFO - Output:
[2023-01-05 22:42:26,079] {subprocess.py:92} INFO - example_bash_operator__runme_1__20230104
[2023-01-05 22:42:27,081] {subprocess.py:96} INFO - Command exited with return code 0
[2023-01-05 22:42:27,144] {taskinstance.py:1400} INFO - Marking task as SUCCESS. dag_id=example_bash_operator, task_id=runme_1, execution_date=20230104T000000, start_date=20230105T224225, end_date=20230105T224227
[2023-01-05 22:42:27,206] {local_task_job.py:156} INFO - Task exited with return code 0
[2023-01-05 22:42:27,260] {local_task_job.py:273} INFO - 0 downstream tasks scheduled from follow-on schedule check
